C51 COMPILER V9.56.0.0   INIT                                                              09/25/2018 16:14:11 PAGE 1   


C51 COMPILER V9.56.0.0, COMPILATION OF MODULE INIT
OBJECT MODULE PLACED IN init.OBJ
COMPILER INVOKED BY: C:\Keil_v5\C51\BIN\C51.EXE init.c OPTIMIZE(8,SPEED) BROWSE DEBUG OBJECTEXTEND TABS(2)

line level    source

   1          
   2          
   3          #include "C8051F020.h"
   4          #include "init.h"
   5          
   6          // Peripheral specific initialization functions,
   7          // Called from the Init_Device() function
   8          
   9          //-----------------------------------------------------------------------------
  10          // Dévalidation du watchdog
  11          //-----------------------------------------------------------------------------
  12          void Reset_Sources_Init()
  13          {
  14   1          WDTCN     = 0xDE;
  15   1          WDTCN     = 0xAD;
  16   1      }
  17          
  18          //-----------------------------------------------------------------------------
  19          // Configuration de l'oscillateur - SYSCLK = Clock externe 22118400Hz 
  20          //-----------------------------------------------------------------------------
  21          void Oscillator_Init()
  22          {
  23   1          int i = 0;
  24   1          OSCXCN    = 0x67;
  25   1          for (i = 0; i < 3000; i++);  // Wait 1ms for initialization
  26   1          while ((OSCXCN & 0x80) == 0);
  27   1          OSCICN    = 0x0C;
  28   1      }
  29          
  30          
  31          
  32          //-----------------------------------------------------------------------------
  33          // Initialisation globale du Microcontrôleur - 
  34          //-----------------------------------------------------------------------------
  35          void Init_Device(void)
  36          {
  37   1          Reset_Sources_Init();
  38   1          Oscillator_Init();
  39   1          PortIO_Init();
  40   1          P1MDOUT |= 0x40; // Met la sortie 6 en sortie
  41   1          Init_UART0();
  42   1      }
  43          
  44          void Init_UART0(void){
  45   1        CKCON |= 0x10;
  46   1        TCON |= 0x40;
  47   1        TMOD |= 0x20;
  48   1        TMOD &= ~ 0xD0;
  49   1        SCON0 |= 0x72;
  50   1        SCON0 &= ~ 0x81;
  51   1        T2CON &= ~ 0x30;
  52   1        PCON |= 0x80;
  53   1        TH1 = 111;
  54   1      }
  55          
C51 COMPILER V9.56.0.0   INIT                                                              09/25/2018 16:14:11 PAGE 2   

  56          void PortIO_Init(void){
  57   1            // P0.0  -  TX0 (UART0), Open-Drain, Digital
  58   1          // P0.1  -  RX0 (UART0), Open-Drain, Digital
  59   1          // P0.2  -  T0 (Timer0), Open-Drain, Digital
  60   1          // P0.3  -  Unassigned,  Open-Drain, Digital
  61   1          // P0.4  -  Unassigned,  Open-Drain, Digital
  62   1          // P0.5  -  Unassigned,  Open-Drain, Digital
  63   1          // P0.6  -  Unassigned,  Open-Drain, Digital
  64   1          // P0.7  -  Unassigned,  Open-Drain, Digital
  65   1      
  66   1          // P1.0  -  Unassigned,  Open-Drain, Digital
  67   1          // P1.1  -  Unassigned,  Open-Drain, Digital
  68   1          // P1.2  -  Unassigned,  Open-Drain, Digital
  69   1          // P1.3  -  Unassigned,  Open-Drain, Digital
  70   1          // P1.4  -  Unassigned,  Open-Drain, Digital
  71   1          // P1.5  -  Unassigned,  Open-Drain, Digital
  72   1          // P1.6  -  Unassigned,  Open-Drain, Digital
  73   1          // P1.7  -  Unassigned,  Open-Drain, Digital
  74   1      
  75   1          // P2.0  -  Unassigned,  Open-Drain, Digital
  76   1          // P2.1  -  Unassigned,  Open-Drain, Digital
  77   1          // P2.2  -  Unassigned,  Open-Drain, Digital
  78   1          // P2.3  -  Unassigned,  Open-Drain, Digital
  79   1          // P2.4  -  Unassigned,  Open-Drain, Digital
  80   1          // P2.5  -  Unassigned,  Open-Drain, Digital
  81   1          // P2.6  -  Unassigned,  Open-Drain, Digital
  82   1          // P2.7  -  Unassigned,  Open-Drain, Digital
  83   1      
  84   1          // P3.0  -  Unassigned,  Open-Drain, Digital
  85   1          // P3.1  -  Unassigned,  Open-Drain, Digital
  86   1          // P3.2  -  Unassigned,  Open-Drain, Digital
  87   1          // P3.3  -  Unassigned,  Open-Drain, Digital
  88   1          // P3.4  -  Unassigned,  Open-Drain, Digital
  89   1          // P3.5  -  Unassigned,  Open-Drain, Digital
  90   1          // P3.6  -  Unassigned,  Open-Drain, Digital
  91   1          // P3.7  -  Unassigned,  Open-Drain, Digital
  92   1      
  93   1          XBR0      = 0x04;
  94   1          XBR1      = 0x02;
  95   1          XBR2      = 0x40;
  96   1      }
  97          


MODULE INFORMATION:   STATIC OVERLAYABLE
   CODE SIZE        =     86    ----
   CONSTANT SIZE    =   ----    ----
   XDATA SIZE       =   ----    ----
   PDATA SIZE       =   ----    ----
   DATA SIZE        =   ----    ----
   IDATA SIZE       =   ----    ----
   BIT SIZE         =   ----    ----
END OF MODULE INFORMATION.


C51 COMPILATION COMPLETE.  0 WARNING(S),  0 ERROR(S)
