C51 COMPILER V9.56.0.0   MAIN                                                              09/25/2018 15:06:44 PAGE 1   


C51 COMPILER V9.56.0.0, COMPILATION OF MODULE MAIN
OBJECT MODULE PLACED IN main.OBJ
COMPILER INVOKED BY: C:\Keil_v5\C51\BIN\C51.EXE main.c OPTIMIZE(8,SPEED) BROWSE DEBUG OBJECTEXTEND TABS(2)

line level    source

   1          //------------------------------------------------------------------------------------
   2          // Base_8051
   3          //------------------------------------------------------------------------------------
   4          //
   5          // AUTH: DF
   6          // DATE: 18-09-2017
   7          // Target: C8051F020
   8          //
   9          // Tool chain: KEIL UV4
  10          //
  11          // Application de base qui configure seulement l'oscillateur et le watchdog
  12          //-------------------------------------------------------------------------
  13          // Includes
  14          //------------------------------------------------------------------------------------
  15          #include "c8051f020.h" // SFR declarations
  16          #include <intrins.h>  
  17          #include <stdio.h>
  18          #include "init.h"
  19          
  20          
  21          sbit LED = P1^6; // Led verte embarquée sur la carte
  22          
  23          
  24          
  25          //------------------------------------------------------------------------------------
  26          // MAIN Routine
  27          //------------------------------------------------------------------------------------
  28          void main (void)
  29          {
  30   1        
  31   1        Init_Device();
  32   1      
  33   1        P1 |= 0x40; 
  34   1        while (1)
  35   1        {
  36   2          
  37   2        }    
  38   1      }
  39          
  40           
  41          
  42           


MODULE INFORMATION:   STATIC OVERLAYABLE
   CODE SIZE        =      8    ----
   CONSTANT SIZE    =   ----    ----
   XDATA SIZE       =   ----    ----
   PDATA SIZE       =   ----    ----
   DATA SIZE        =   ----    ----
   IDATA SIZE       =   ----    ----
   BIT SIZE         =   ----    ----
END OF MODULE INFORMATION.


C51 COMPILATION COMPLETE.  0 WARNING(S),  0 ERROR(S)
